<?xml version="1.0" encoding="UTF-8"?>
<testng-results skipped="0" failed="0" ignored="0" total="1" passed="1">
  <reporter-output>
  </reporter-output>
  <suite name="Default suite" duration-ms="4587" started-at="2022-07-15T20:04:02 EDT" finished-at="2022-07-15T20:04:07 EDT">
    <groups>
    </groups>
    <test name="Default test" duration-ms="4587" started-at="2022-07-15T20:04:02 EDT" finished-at="2022-07-15T20:04:07 EDT">
      <class name="pages.BrowserFactory">
        <test-method status="PASS" signature="init()[pri:0, instance:pages.BrowserFactory@1a8a8f7c]" name="init" duration-ms="4522" started-at="2022-07-15T20:04:02 EDT" finished-at="2022-07-15T20:04:07 EDT">
          <reporter-output>
          </reporter-output>
        </test-method> <!-- init -->
      </class> <!-- pages.BrowserFactory -->
    </test> <!-- Default test -->
  </suite> <!-- Default suite -->
</testng-results>
